0 info it worked if it ends with ok
1 verbose cli [ 'node',
1 verbose cli   '/usr/local/bin/npm',
1 verbose cli   'install',
1 verbose cli   '--save',
1 verbose cli   'PACKAGE_NAME' ]
2 info using npm@2.12.1
3 info using node@v0.12.6
4 verbose node symlink /usr/local/bin/node
5 verbose install initial load of /Users/zhangxiaodong/node_pachong/package.json
6 warn package.json lesson3@0.0.0 No repository field.
7 warn package.json lesson3@0.0.0 No README data
8 verbose readDependencies loading dependencies from /Users/zhangxiaodong/node_pachong/package.json
9 silly cache add args [ 'PACKAGE_NAME', null ]
10 verbose cache add spec PACKAGE_NAME
11 silly cache add parsed spec { raw: 'PACKAGE_NAME',
11 silly cache add   scope: null,
11 silly cache add   name: 'PACKAGE_NAME',
11 silly cache add   rawSpec: '',
11 silly cache add   spec: '*',
11 silly cache add   type: 'range' }
12 silly addNamed PACKAGE_NAME@*
13 verbose addNamed "*" is a valid semver range for PACKAGE_NAME
14 silly addNameRange { name: 'PACKAGE_NAME', range: '*', hasData: false }
15 silly mapToRegistry name PACKAGE_NAME
16 silly mapToRegistry using default registry
17 silly mapToRegistry registry http://registry.npm.taobao.org/
18 silly mapToRegistry uri http://registry.npm.taobao.org/PACKAGE_NAME
19 verbose addNameRange registry:http://registry.npm.taobao.org/PACKAGE_NAME not in flight; fetching
20 verbose request uri http://registry.npm.taobao.org/PACKAGE_NAME
21 verbose request no auth needed
22 info attempt registry request try #1 at 15:22:53
23 verbose request id 69d194801af0bf13
24 http request GET http://registry.npm.taobao.org/PACKAGE_NAME
25 info retry will retry, error on last attempt: Error: socket hang up
26 info attempt registry request try #2 at 15:24:06
27 http request GET http://registry.npm.taobao.org/PACKAGE_NAME
28 http 404 http://registry.npm.taobao.org/PACKAGE_NAME
29 verbose headers { 'content-type': 'application/json',
29 verbose headers   'cache-control': 'max-age=0',
29 verbose headers   'content-length': '2',
29 verbose headers   'accept-ranges': 'bytes',
29 verbose headers   date: 'Sun, 29 Nov 2015 07:24:03 GMT',
29 verbose headers   via: '1.1 varnish',
29 verbose headers   age: '0',
29 verbose headers   connection: 'close',
29 verbose headers   'x-served-by': 'cache-lcy1124-LCY',
29 verbose headers   'x-cache': 'MISS',
29 verbose headers   'x-cache-hits': '0',
29 verbose headers   'x-timer': 'S1448781843.041877,VS0,VE383' }
30 silly get cb [ 404,
30 silly get   { 'content-type': 'application/json',
30 silly get     'cache-control': 'max-age=0',
30 silly get     'content-length': '2',
30 silly get     'accept-ranges': 'bytes',
30 silly get     date: 'Sun, 29 Nov 2015 07:24:03 GMT',
30 silly get     via: '1.1 varnish',
30 silly get     age: '0',
30 silly get     connection: 'close',
30 silly get     'x-served-by': 'cache-lcy1124-LCY',
30 silly get     'x-cache': 'MISS',
30 silly get     'x-cache-hits': '0',
30 silly get     'x-timer': 'S1448781843.041877,VS0,VE383' } ]
31 verbose stack Error: Registry returned 404 for GET on http://registry.npm.taobao.org/PACKAGE_NAME
31 verbose stack     at CachingRegistryClient.<anonymous> (/usr/local/lib/node_modules/npm/node_modules/npm-registry-client/lib/request.js:239:14)
31 verbose stack     at Request._callback (/usr/local/lib/node_modules/npm/node_modules/npm-registry-client/lib/request.js:170:14)
31 verbose stack     at Request.self.callback (/usr/local/lib/node_modules/npm/node_modules/request/request.js:197:22)
31 verbose stack     at Request.emit (events.js:110:17)
31 verbose stack     at Request.<anonymous> (/usr/local/lib/node_modules/npm/node_modules/request/request.js:1050:14)
31 verbose stack     at Request.emit (events.js:129:20)
31 verbose stack     at IncomingMessage.<anonymous> (/usr/local/lib/node_modules/npm/node_modules/request/request.js:996:12)
31 verbose stack     at IncomingMessage.emit (events.js:129:20)
31 verbose stack     at _stream_readable.js:908:16
31 verbose stack     at process._tickCallback (node.js:355:11)
32 verbose statusCode 404
33 verbose pkgid PACKAGE_NAME
34 verbose cwd /Users/zhangxiaodong/node_pachong
35 error Darwin 14.5.0
36 error argv "node" "/usr/local/bin/npm" "install" "--save" "PACKAGE_NAME"
37 error node v0.12.6
38 error npm  v2.12.1
39 error code E404
40 error 404 Registry returned 404 for GET on http://registry.npm.taobao.org/PACKAGE_NAME
40 error 404
40 error 404 'PACKAGE_NAME' is not in the npm registry.
40 error 404 Your package name is not valid, because
40 error 404
40 error 404  1. name can no longer contain capital letters
40 error 404 It was specified as a dependency of 'lesson3'
40 error 404
40 error 404 Note that you can also install from a
40 error 404 tarball, folder, http url, or git url.
41 verbose exit [ 1, true ]
